{"/home/sidiah/epitech/T-DEV-700/API/src/index.ts": {"path":"/home/sidiah/epitech/T-DEV-700/API/src/index.ts","statementMap":{"0":{"start":{"line":1,"column":0},"end":{"line":1,"column":30}},"1":{"start":{"line":2,"column":0},"end":{"line":2,"column":45}},"2":{"start":{"line":3,"column":0},"end":{"line":3,"column":45}},"3":{"start":{"line":5,"column":12},"end":{"line":5,"column":21}},"4":{"start":{"line":6,"column":0},"end":{"line":6,"column":24}},"5":{"start":{"line":8,"column":0},"end":{"line":10,"column":3}},"6":{"start":{"line":9,"column":4},"end":{"line":9,"column":46}},"7":{"start":{"line":12,"column":0},"end":{"line":12,"column":34}},"8":{"start":{"line":14,"column":0},"end":{"line":14,"column":33}},"9":{"start":{"line":16,"column":0},"end":{"line":16,"column":19}}},"fnMap":{"0":{"name":"(anonymous_1)","decl":{"start":{"line":8,"column":13},"end":{"line":8,"column":14}},"loc":{"start":{"line":8,"column":24},"end":{"line":10,"column":1}}}},"branchMap":{},"s":{"0":0,"1":0,"2":0,"3":0,"4":0,"5":0,"6":0,"7":0,"8":0,"9":0},"f":{"0":0},"b":{}}
,"/home/sidiah/epitech/T-DEV-700/API/src/server.ts": {"path":"/home/sidiah/epitech/T-DEV-700/API/src/server.ts","statementMap":{"0":{"start":{"line":1,"column":0},"end":{"line":1,"column":30}},"1":{"start":{"line":2,"column":0},"end":{"line":2,"column":28}},"2":{"start":{"line":3,"column":0},"end":{"line":3,"column":24}},"3":{"start":{"line":4,"column":0},"end":{"line":4,"column":24}},"4":{"start":{"line":5,"column":0},"end":{"line":5,"column":51}},"5":{"start":{"line":6,"column":0},"end":{"line":6,"column":45}},"6":{"start":{"line":7,"column":0},"end":{"line":7,"column":45}},"7":{"start":{"line":9,"column":0},"end":{"line":9,"column":16}},"8":{"start":{"line":11,"column":12},"end":{"line":11,"column":21}},"9":{"start":{"line":12,"column":0},"end":{"line":12,"column":16}},"10":{"start":{"line":13,"column":0},"end":{"line":13,"column":24}},"11":{"start":{"line":15,"column":0},"end":{"line":15,"column":34}},"12":{"start":{"line":16,"column":0},"end":{"line":16,"column":33}},"13":{"start":{"line":18,"column":16},"end":{"line":18,"column":51}},"14":{"start":{"line":19,"column":0},"end":{"line":19,"column":33}},"15":{"start":{"line":22,"column":0},"end":{"line":28,"column":1}},"16":{"start":{"line":23,"column":15},"end":{"line":23,"column":47}},"17":{"start":{"line":24,"column":2},"end":{"line":27,"column":5}},"18":{"start":{"line":25,"column":4},"end":{"line":25,"column":65}},"19":{"start":{"line":26,"column":4},"end":{"line":26,"column":27}},"20":{"start":{"line":33,"column":0},"end":{"line":35,"column":3}},"21":{"start":{"line":34,"column":2},"end":{"line":34,"column":44}},"22":{"start":{"line":38,"column":13},"end":{"line":38,"column":45}},"23":{"start":{"line":40,"column":0},"end":{"line":43,"column":3}},"24":{"start":{"line":41,"column":2},"end":{"line":41,"column":76}},"25":{"start":{"line":42,"column":2},"end":{"line":42,"column":25}},"26":{"start":{"line":45,"column":0},"end":{"line":47,"column":3}},"27":{"start":{"line":46,"column":2},"end":{"line":46,"column":63}},"28":{"start":{"line":49,"column":0},"end":{"line":49,"column":19}}},"fnMap":{"0":{"name":"(anonymous_1)","decl":{"start":{"line":24,"column":19},"end":{"line":24,"column":24}},"loc":{"start":{"line":24,"column":30},"end":{"line":27,"column":3}}},"1":{"name":"(anonymous_2)","decl":{"start":{"line":33,"column":13},"end":{"line":33,"column":14}},"loc":{"start":{"line":33,"column":26},"end":{"line":35,"column":1}}},"2":{"name":"(anonymous_3)","decl":{"start":{"line":40,"column":45},"end":{"line":40,"column":50}},"loc":{"start":{"line":40,"column":56},"end":{"line":43,"column":1}}},"3":{"name":"(anonymous_4)","decl":{"start":{"line":45,"column":17},"end":{"line":45,"column":20}},"loc":{"start":{"line":45,"column":22},"end":{"line":47,"column":1}}}},"branchMap":{"0":{"loc":{"start":{"line":22,"column":0},"end":{"line":28,"column":1}},"type":"if","locations":[{"start":{"line":22,"column":0},"end":{"line":28,"column":1}},{"start":{},"end":{}}]},"1":{"loc":{"start":{"line":23,"column":15},"end":{"line":23,"column":47}},"type":"binary-expr","locations":[{"start":{"line":23,"column":15},"end":{"line":23,"column":39}},{"start":{"line":23,"column":43},"end":{"line":23,"column":47}}]},"2":{"loc":{"start":{"line":38,"column":13},"end":{"line":38,"column":45}},"type":"binary-expr","locations":[{"start":{"line":38,"column":13},"end":{"line":38,"column":37}},{"start":{"line":38,"column":41},"end":{"line":38,"column":45}}]},"3":{"loc":{"start":{"line":40,"column":11},"end":{"line":40,"column":43}},"type":"binary-expr","locations":[{"start":{"line":40,"column":11},"end":{"line":40,"column":35}},{"start":{"line":40,"column":39},"end":{"line":40,"column":43}}]},"4":{"loc":{"start":{"line":41,"column":40},"end":{"line":41,"column":72}},"type":"binary-expr","locations":[{"start":{"line":41,"column":40},"end":{"line":41,"column":64}},{"start":{"line":41,"column":68},"end":{"line":41,"column":72}}]}},"s":{"0":1,"1":1,"2":1,"3":1,"4":1,"5":1,"6":1,"7":1,"8":1,"9":1,"10":1,"11":1,"12":1,"13":1,"14":1,"15":1,"16":0,"17":0,"18":0,"19":0,"20":1,"21":0,"22":1,"23":1,"24":1,"25":1,"26":1,"27":1,"28":1},"f":{"0":0,"1":0,"2":1,"3":1},"b":{"0":[0,1],"1":[0,0],"2":[1,0],"3":[1,0],"4":[1,0]}}
,"/home/sidiah/epitech/T-DEV-700/API/src/config/database.ts": {"path":"/home/sidiah/epitech/T-DEV-700/API/src/config/database.ts","statementMap":{"0":{"start":{"line":21,"column":0},"end":{"line":21,"column":7}},"1":{"start":{"line":1,"column":0},"end":{"line":1,"column":30}},"2":{"start":{"line":2,"column":0},"end":{"line":2,"column":28}},"3":{"start":{"line":3,"column":0},"end":{"line":3,"column":24}},"4":{"start":{"line":5,"column":0},"end":{"line":5,"column":61}},"5":{"start":{"line":7,"column":13},"end":{"line":17,"column":3}},"6":{"start":{"line":19,"column":0},"end":{"line":19,"column":null}},"7":{"start":{"line":23,"column":4},"end":{"line":30,"column":5}},"8":{"start":{"line":24,"column":8},"end":{"line":24,"column":42}},"9":{"start":{"line":25,"column":8},"end":{"line":25,"column":54}},"10":{"start":{"line":27,"column":8},"end":{"line":27,"column":64}},"11":{"start":{"line":29,"column":8},"end":{"line":29,"column":33}},"12":{"start":{"line":29,"column":18},"end":{"line":29,"column":33}},"13":{"start":{"line":33,"column":0},"end":{"line":33,"column":20}}},"fnMap":{"0":{"name":"testConnection","decl":{"start":{"line":21,"column":22},"end":{"line":21,"column":36}},"loc":{"start":{"line":21,"column":36},"end":{"line":31,"column":1}}}},"branchMap":{"0":{"loc":{"start":{"line":9,"column":10},"end":{"line":9,"column":45}},"type":"binary-expr","locations":[{"start":{"line":9,"column":10},"end":{"line":9,"column":37}},{"start":{"line":9,"column":41},"end":{"line":9,"column":45}}]},"1":{"loc":{"start":{"line":12,"column":14},"end":{"line":12,"column":43}},"type":"binary-expr","locations":[{"start":{"line":12,"column":14},"end":{"line":12,"column":37}},{"start":{"line":12,"column":41},"end":{"line":12,"column":43}}]},"2":{"loc":{"start":{"line":29,"column":8},"end":{"line":29,"column":33}},"type":"if","locations":[{"start":{"line":29,"column":8},"end":{"line":29,"column":33}},{"start":{},"end":{}}]}},"s":{"0":0,"1":0,"2":0,"3":0,"4":0,"5":0,"6":0,"7":0,"8":0,"9":0,"10":0,"11":0,"12":0,"13":0},"f":{"0":0},"b":{"0":[0,0],"1":[0,0],"2":[0,0]}}
,"/home/sidiah/epitech/T-DEV-700/API/src/helpers/UserHelper.ts": {"path":"/home/sidiah/epitech/T-DEV-700/API/src/helpers/UserHelper.ts","statementMap":{"0":{"start":{"line":1,"column":0},"end":{"line":1,"column":49}},"1":{"start":{"line":6,"column":8},"end":{"line":17,"column":null}},"2":{"start":{"line":22,"column":8},"end":{"line":34,"column":null}},"3":{"start":{"line":39,"column":8},"end":{"line":51,"column":6}},"4":{"start":{"line":55,"column":8},"end":{"line":65,"column":10}},"5":{"start":{"line":69,"column":21},"end":{"line":69,"column":36}},"6":{"start":{"line":70,"column":8},"end":{"line":70,"column":35}},"7":{"start":{"line":71,"column":8},"end":{"line":71,"column":41}},"8":{"start":{"line":72,"column":8},"end":{"line":72,"column":39}},"9":{"start":{"line":73,"column":8},"end":{"line":73,"column":31}},"10":{"start":{"line":74,"column":8},"end":{"line":74,"column":45}},"11":{"start":{"line":75,"column":8},"end":{"line":75,"column":37}},"12":{"start":{"line":76,"column":8},"end":{"line":76,"column":35}},"13":{"start":{"line":77,"column":8},"end":{"line":77,"column":29}},"14":{"start":{"line":78,"column":8},"end":{"line":78,"column":20}},"15":{"start":{"line":82,"column":21},"end":{"line":82,"column":36}},"16":{"start":{"line":83,"column":8},"end":{"line":83,"column":46}},"17":{"start":{"line":84,"column":8},"end":{"line":84,"column":44}},"18":{"start":{"line":85,"column":8},"end":{"line":85,"column":36}},"19":{"start":{"line":86,"column":8},"end":{"line":86,"column":50}},"20":{"start":{"line":87,"column":8},"end":{"line":87,"column":39}},"21":{"start":{"line":88,"column":8},"end":{"line":88,"column":40}},"22":{"start":{"line":89,"column":8},"end":{"line":89,"column":34}},"23":{"start":{"line":90,"column":8},"end":{"line":90,"column":20}},"24":{"start":{"line":3,"column":0},"end":{"line":3,"column":13}}},"fnMap":{"0":{"name":"(anonymous_0)","decl":{"start":{"line":5,"column":4},"end":{"line":5,"column":18}},"loc":{"start":{"line":5,"column":18},"end":{"line":19,"column":5}}},"1":{"name":"(anonymous_1)","decl":{"start":{"line":21,"column":4},"end":{"line":21,"column":18}},"loc":{"start":{"line":21,"column":33},"end":{"line":36,"column":5}}},"2":{"name":"(anonymous_2)","decl":{"start":{"line":38,"column":4},"end":{"line":38,"column":20}},"loc":{"start":{"line":38,"column":20},"end":{"line":52,"column":5}}},"3":{"name":"(anonymous_3)","decl":{"start":{"line":54,"column":4},"end":{"line":54,"column":20}},"loc":{"start":{"line":54,"column":35},"end":{"line":66,"column":5}}},"4":{"name":"(anonymous_4)","decl":{"start":{"line":68,"column":4},"end":{"line":68,"column":21}},"loc":{"start":{"line":68,"column":30},"end":{"line":79,"column":5}}},"5":{"name":"(anonymous_5)","decl":{"start":{"line":81,"column":4},"end":{"line":81,"column":22}},"loc":{"start":{"line":81,"column":55},"end":{"line":91,"column":5}}}},"branchMap":{},"s":{"0":1,"1":1,"2":0,"3":0,"4":0,"5":1,"6":1,"7":1,"8":1,"9":1,"10":1,"11":1,"12":1,"13":1,"14":1,"15":0,"16":0,"17":0,"18":0,"19":0,"20":0,"21":0,"22":0,"23":0,"24":1},"f":{"0":1,"1":0,"2":0,"3":0,"4":1,"5":0},"b":{}}
,"/home/sidiah/epitech/T-DEV-700/API/src/models/user.model.ts": {"path":"/home/sidiah/epitech/T-DEV-700/API/src/models/user.model.ts","statementMap":{"0":{"start":{"line":1,"column":0},"end":{"line":1,"column":13}}},"fnMap":{},"branchMap":{},"s":{"0":1},"f":{},"b":{}}
,"/home/sidiah/epitech/T-DEV-700/API/src/repository/UserRepository.ts": {"path":"/home/sidiah/epitech/T-DEV-700/API/src/repository/UserRepository.ts","statementMap":{"0":{"start":{"line":1,"column":0},"end":{"line":1,"column":42}},"1":{"start":{"line":2,"column":0},"end":{"line":2,"column":51}},"2":{"start":{"line":3,"column":0},"end":{"line":3,"column":49}},"3":{"start":{"line":8,"column":4},"end":{"line":8,"column":46}},"4":{"start":{"line":15,"column":8},"end":{"line":30,"column":9}},"5":{"start":{"line":16,"column":12},"end":{"line":16,"column":46}},"6":{"start":{"line":17,"column":25},"end":{"line":17,"column":75}},"7":{"start":{"line":20,"column":12},"end":{"line":22,"column":13}},"8":{"start":{"line":21,"column":16},"end":{"line":21,"column":92}},"9":{"start":{"line":21,"column":52},"end":{"line":21,"column":90}},"10":{"start":{"line":24,"column":12},"end":{"line":24,"column":22}},"11":{"start":{"line":26,"column":12},"end":{"line":26,"column":86}},"12":{"start":{"line":27,"column":12},"end":{"line":27,"column":24}},"13":{"start":{"line":29,"column":12},"end":{"line":29,"column":37}},"14":{"start":{"line":29,"column":22},"end":{"line":29,"column":37}},"15":{"start":{"line":42,"column":8},"end":{"line":57,"column":9}},"16":{"start":{"line":43,"column":12},"end":{"line":43,"column":46}},"17":{"start":{"line":44,"column":24},"end":{"line":44,"column":80}},"18":{"start":{"line":46,"column":12},"end":{"line":51,"column":13}},"19":{"start":{"line":47,"column":16},"end":{"line":47,"column":65}},"20":{"start":{"line":50,"column":16},"end":{"line":50,"column":27}},"21":{"start":{"line":53,"column":12},"end":{"line":53,"column":86}},"22":{"start":{"line":54,"column":12},"end":{"line":54,"column":24}},"23":{"start":{"line":56,"column":12},"end":{"line":56,"column":37}},"24":{"start":{"line":56,"column":22},"end":{"line":56,"column":37}},"25":{"start":{"line":68,"column":23},"end":{"line":76,"column":10}},"26":{"start":{"line":78,"column":8},"end":{"line":85,"column":9}},"27":{"start":{"line":79,"column":12},"end":{"line":79,"column":46}},"28":{"start":{"line":80,"column":27},"end":{"line":80,"column":87}},"29":{"start":{"line":81,"column":12},"end":{"line":81,"column":64}},"30":{"start":{"line":83,"column":12},"end":{"line":83,"column":54}},"31":{"start":{"line":84,"column":12},"end":{"line":84,"column":22}},"32":{"start":{"line":96,"column":35},"end":{"line":96,"column":65}},"33":{"start":{"line":97,"column":8},"end":{"line":120,"column":9}},"34":{"start":{"line":98,"column":27},"end":{"line":105,"column":14}},"35":{"start":{"line":107,"column":12},"end":{"line":115,"column":13}},"36":{"start":{"line":108,"column":16},"end":{"line":108,"column":50}},"37":{"start":{"line":109,"column":16},"end":{"line":109,"column":94}},"38":{"start":{"line":110,"column":16},"end":{"line":110,"column":49}},"39":{"start":{"line":111,"column":16},"end":{"line":111,"column":28}},"40":{"start":{"line":113,"column":16},"end":{"line":113,"column":58}},"41":{"start":{"line":114,"column":16},"end":{"line":114,"column":26}},"42":{"start":{"line":118,"column":12},"end":{"line":118,"column":59}},"43":{"start":{"line":119,"column":12},"end":{"line":119,"column":35}},"44":{"start":{"line":130,"column":8},"end":{"line":145,"column":9}},"45":{"start":{"line":131,"column":24},"end":{"line":131,"column":61}},"46":{"start":{"line":132,"column":27},"end":{"line":132,"column":60}},"47":{"start":{"line":134,"column":34},"end":{"line":134,"column":61}},"48":{"start":{"line":136,"column":12},"end":{"line":138,"column":13}},"49":{"start":{"line":137,"column":16},"end":{"line":137,"column":28}},"50":{"start":{"line":140,"column":12},"end":{"line":140,"column":83}},"51":{"start":{"line":141,"column":12},"end":{"line":141,"column":24}},"52":{"start":{"line":143,"column":12},"end":{"line":143,"column":55}},"53":{"start":{"line":144,"column":12},"end":{"line":144,"column":22}},"54":{"start":{"line":155,"column":8},"end":{"line":168,"column":9}},"55":{"start":{"line":156,"column":12},"end":{"line":156,"column":46}},"56":{"start":{"line":157,"column":24},"end":{"line":157,"column":69}},"57":{"start":{"line":158,"column":25},"end":{"line":158,"column":55}},"58":{"start":{"line":159,"column":12},"end":{"line":161,"column":13}},"59":{"start":{"line":160,"column":16},"end":{"line":160,"column":66}},"60":{"start":{"line":162,"column":12},"end":{"line":162,"column":24}},"61":{"start":{"line":164,"column":12},"end":{"line":164,"column":88}},"62":{"start":{"line":165,"column":12},"end":{"line":165,"column":22}},"63":{"start":{"line":167,"column":12},"end":{"line":167,"column":37}},"64":{"start":{"line":167,"column":22},"end":{"line":167,"column":37}},"65":{"start":{"line":177,"column":21},"end":{"line":177,"column":50}},"66":{"start":{"line":178,"column":8},"end":{"line":178,"column":22}},"67":{"start":{"line":6,"column":0},"end":{"line":6,"column":13}}},"fnMap":{"0":{"name":"(anonymous_0)","decl":{"start":{"line":6,"column":0},"end":{"line":6,"column":13}},"loc":{"start":{"line":6,"column":0},"end":{"line":180,"column":1}}},"1":{"name":"(anonymous_1)","decl":{"start":{"line":13,"column":4},"end":{"line":13,"column":9}},"loc":{"start":{"line":13,"column":21},"end":{"line":31,"column":5}}},"2":{"name":"(anonymous_2)","decl":{"start":{"line":21,"column":32},"end":{"line":21,"column":33}},"loc":{"start":{"line":21,"column":52},"end":{"line":21,"column":90}}},"3":{"name":"(anonymous_3)","decl":{"start":{"line":40,"column":4},"end":{"line":40,"column":9}},"loc":{"start":{"line":40,"column":36},"end":{"line":58,"column":5}}},"4":{"name":"(anonymous_4)","decl":{"start":{"line":67,"column":4},"end":{"line":67,"column":9}},"loc":{"start":{"line":67,"column":36},"end":{"line":86,"column":5}}},"5":{"name":"(anonymous_5)","decl":{"start":{"line":95,"column":4},"end":{"line":95,"column":9}},"loc":{"start":{"line":95,"column":52},"end":{"line":121,"column":5}}},"6":{"name":"(anonymous_6)","decl":{"start":{"line":129,"column":4},"end":{"line":129,"column":9}},"loc":{"start":{"line":129,"column":35},"end":{"line":146,"column":5}}},"7":{"name":"(anonymous_7)","decl":{"start":{"line":153,"column":4},"end":{"line":153,"column":9}},"loc":{"start":{"line":153,"column":35},"end":{"line":169,"column":5}}},"8":{"name":"(anonymous_8)","decl":{"start":{"line":176,"column":4},"end":{"line":176,"column":9}},"loc":{"start":{"line":176,"column":37},"end":{"line":179,"column":5}}}},"branchMap":{"0":{"loc":{"start":{"line":20,"column":12},"end":{"line":22,"column":13}},"type":"if","locations":[{"start":{"line":20,"column":12},"end":{"line":22,"column":13}},{"start":{},"end":{}}]},"1":{"loc":{"start":{"line":20,"column":16},"end":{"line":20,"column":85}},"type":"binary-expr","locations":[{"start":{"line":20,"column":16},"end":{"line":20,"column":35}},{"start":{"line":20,"column":39},"end":{"line":20,"column":54}},{"start":{"line":20,"column":58},"end":{"line":20,"column":85}}]},"2":{"loc":{"start":{"line":29,"column":12},"end":{"line":29,"column":37}},"type":"if","locations":[{"start":{"line":29,"column":12},"end":{"line":29,"column":37}},{"start":{},"end":{}}]},"3":{"loc":{"start":{"line":46,"column":12},"end":{"line":51,"column":13}},"type":"if","locations":[{"start":{"line":46,"column":12},"end":{"line":51,"column":13}},{"start":{"line":49,"column":17},"end":{"line":51,"column":13}}]},"4":{"loc":{"start":{"line":46,"column":16},"end":{"line":46,"column":82}},"type":"binary-expr","locations":[{"start":{"line":46,"column":16},"end":{"line":46,"column":34}},{"start":{"line":46,"column":38},"end":{"line":46,"column":52}},{"start":{"line":46,"column":56},"end":{"line":46,"column":82}}]},"5":{"loc":{"start":{"line":56,"column":12},"end":{"line":56,"column":37}},"type":"if","locations":[{"start":{"line":56,"column":12},"end":{"line":56,"column":37}},{"start":{},"end":{}}]},"6":{"loc":{"start":{"line":97,"column":8},"end":{"line":120,"column":9}},"type":"if","locations":[{"start":{"line":97,"column":8},"end":{"line":120,"column":9}},{"start":{"line":117,"column":13},"end":{"line":120,"column":9}}]},"7":{"loc":{"start":{"line":136,"column":12},"end":{"line":138,"column":13}},"type":"if","locations":[{"start":{"line":136,"column":12},"end":{"line":138,"column":13}},{"start":{},"end":{}}]},"8":{"loc":{"start":{"line":159,"column":12},"end":{"line":161,"column":13}},"type":"if","locations":[{"start":{"line":159,"column":12},"end":{"line":161,"column":13}},{"start":{},"end":{}}]},"9":{"loc":{"start":{"line":159,"column":16},"end":{"line":159,"column":85}},"type":"binary-expr","locations":[{"start":{"line":159,"column":16},"end":{"line":159,"column":35}},{"start":{"line":159,"column":39},"end":{"line":159,"column":54}},{"start":{"line":159,"column":58},"end":{"line":159,"column":85}}]},"10":{"loc":{"start":{"line":167,"column":12},"end":{"line":167,"column":37}},"type":"if","locations":[{"start":{"line":167,"column":12},"end":{"line":167,"column":37}},{"start":{},"end":{}}]}},"s":{"0":1,"1":1,"2":1,"3":2,"4":1,"5":1,"6":1,"7":1,"8":1,"9":1,"10":0,"11":0,"12":0,"13":1,"14":1,"15":0,"16":0,"17":0,"18":0,"19":0,"20":0,"21":0,"22":0,"23":0,"24":0,"25":0,"26":0,"27":0,"28":0,"29":0,"30":0,"31":0,"32":0,"33":0,"34":0,"35":0,"36":0,"37":0,"38":0,"39":0,"40":0,"41":0,"42":0,"43":0,"44":0,"45":0,"46":0,"47":0,"48":0,"49":0,"50":0,"51":0,"52":0,"53":0,"54":0,"55":0,"56":0,"57":0,"58":0,"59":0,"60":0,"61":0,"62":0,"63":0,"64":0,"65":0,"66":0,"67":1},"f":{"0":2,"1":1,"2":1,"3":0,"4":0,"5":0,"6":0,"7":0,"8":0},"b":{"0":[1,0],"1":[1,1,1],"2":[1,0],"3":[0,0],"4":[0,0,0],"5":[0,0],"6":[0,0],"7":[0,0],"8":[0,0],"9":[0,0,0],"10":[0,0]}}
,"/home/sidiah/epitech/T-DEV-700/API/src/routes/AuthRouter.ts": {"path":"/home/sidiah/epitech/T-DEV-700/API/src/routes/AuthRouter.ts","statementMap":{"0":{"start":{"line":1,"column":0},"end":{"line":1,"column":33}},"1":{"start":{"line":2,"column":0},"end":{"line":2,"column":54}},"2":{"start":{"line":4,"column":15},"end":{"line":4,"column":23}},"3":{"start":{"line":7,"column":0},"end":{"line":14,"column":3}},"4":{"start":{"line":8,"column":2},"end":{"line":13,"column":3}},"5":{"start":{"line":9,"column":19},"end":{"line":9,"column":55}},"6":{"start":{"line":10,"column":4},"end":{"line":10,"column":33}},"7":{"start":{"line":12,"column":4},"end":{"line":12,"column":51}},"8":{"start":{"line":17,"column":0},"end":{"line":25,"column":3}},"9":{"start":{"line":18,"column":2},"end":{"line":24,"column":3}},"10":{"start":{"line":19,"column":32},"end":{"line":19,"column":40}},"11":{"start":{"line":20,"column":19},"end":{"line":20,"column":59}},"12":{"start":{"line":21,"column":4},"end":{"line":21,"column":33}},"13":{"start":{"line":23,"column":4},"end":{"line":23,"column":51}},"14":{"start":{"line":27,"column":0},"end":{"line":27,"column":22}}},"fnMap":{"0":{"name":"(anonymous_0)","decl":{"start":{"line":7,"column":25},"end":{"line":7,"column":30}},"loc":{"start":{"line":7,"column":44},"end":{"line":14,"column":1}}},"1":{"name":"(anonymous_1)","decl":{"start":{"line":17,"column":22},"end":{"line":17,"column":27}},"loc":{"start":{"line":17,"column":41},"end":{"line":25,"column":1}}}},"branchMap":{},"s":{"0":1,"1":1,"2":1,"3":1,"4":0,"5":0,"6":0,"7":0,"8":1,"9":0,"10":0,"11":0,"12":0,"13":0,"14":1},"f":{"0":0,"1":0},"b":{}}
,"/home/sidiah/epitech/T-DEV-700/API/src/routes/UserRouter.ts": {"path":"/home/sidiah/epitech/T-DEV-700/API/src/routes/UserRouter.ts","statementMap":{"0":{"start":{"line":1,"column":0},"end":{"line":1,"column":61}},"1":{"start":{"line":2,"column":0},"end":{"line":2,"column":54}},"2":{"start":{"line":3,"column":0},"end":{"line":3,"column":62}},"3":{"start":{"line":4,"column":0},"end":{"line":4,"column":28}},"4":{"start":{"line":6,"column":27},"end":{"line":6,"column":43}},"5":{"start":{"line":9,"column":23},"end":{"line":9,"column":43}},"6":{"start":{"line":10,"column":20},"end":{"line":10,"column":51}},"7":{"start":{"line":16,"column":0},"end":{"line":24,"column":3}},"8":{"start":{"line":17,"column":4},"end":{"line":23,"column":5}},"9":{"start":{"line":18,"column":22},"end":{"line":18,"column":53}},"10":{"start":{"line":19,"column":8},"end":{"line":19,"column":36}},"11":{"start":{"line":21,"column":8},"end":{"line":21,"column":82}},"12":{"start":{"line":22,"column":8},"end":{"line":22,"column":71}},"13":{"start":{"line":30,"column":0},"end":{"line":39,"column":3}},"14":{"start":{"line":31,"column":4},"end":{"line":38,"column":5}},"15":{"start":{"line":32,"column":29},"end":{"line":32,"column":59}},"16":{"start":{"line":33,"column":21},"end":{"line":33,"column":58}},"17":{"start":{"line":34,"column":8},"end":{"line":34,"column":35}},"18":{"start":{"line":36,"column":8},"end":{"line":36,"column":82}},"19":{"start":{"line":37,"column":8},"end":{"line":37,"column":71}},"20":{"start":{"line":41,"column":0},"end":{"line":51,"column":3}},"21":{"start":{"line":42,"column":4},"end":{"line":50,"column":5}},"22":{"start":{"line":43,"column":27},"end":{"line":43,"column":29}},"23":{"start":{"line":44,"column":31},"end":{"line":44,"column":79}},"24":{"start":{"line":45,"column":21},"end":{"line":45,"column":70}},"25":{"start":{"line":46,"column":8},"end":{"line":46,"column":35}},"26":{"start":{"line":48,"column":8},"end":{"line":48,"column":27}},"27":{"start":{"line":49,"column":8},"end":{"line":49,"column":89}},"28":{"start":{"line":53,"column":0},"end":{"line":64,"column":3}},"29":{"start":{"line":54,"column":4},"end":{"line":63,"column":5}},"30":{"start":{"line":55,"column":27},"end":{"line":55,"column":29}},"31":{"start":{"line":56,"column":31},"end":{"line":56,"column":79}},"32":{"start":{"line":57,"column":29},"end":{"line":57,"column":59}},"33":{"start":{"line":58,"column":21},"end":{"line":58,"column":78}},"34":{"start":{"line":59,"column":8},"end":{"line":59,"column":35}},"35":{"start":{"line":61,"column":8},"end":{"line":61,"column":27}},"36":{"start":{"line":62,"column":8},"end":{"line":62,"column":92}},"37":{"start":{"line":66,"column":0},"end":{"line":75,"column":3}},"38":{"start":{"line":67,"column":4},"end":{"line":74,"column":5}},"39":{"start":{"line":68,"column":29},"end":{"line":68,"column":59}},"40":{"start":{"line":69,"column":8},"end":{"line":69,"column":45}},"41":{"start":{"line":70,"column":8},"end":{"line":70,"column":63}},"42":{"start":{"line":72,"column":8},"end":{"line":72,"column":27}},"43":{"start":{"line":73,"column":8},"end":{"line":73,"column":92}},"44":{"start":{"line":77,"column":0},"end":{"line":77,"column":26}}},"fnMap":{"0":{"name":"(anonymous_1)","decl":{"start":{"line":16,"column":20},"end":{"line":16,"column":25}},"loc":{"start":{"line":16,"column":58},"end":{"line":24,"column":1}}},"1":{"name":"(anonymous_2)","decl":{"start":{"line":30,"column":23},"end":{"line":30,"column":28}},"loc":{"start":{"line":30,"column":61},"end":{"line":39,"column":1}}},"2":{"name":"(anonymous_3)","decl":{"start":{"line":41,"column":21},"end":{"line":41,"column":26}},"loc":{"start":{"line":41,"column":59},"end":{"line":51,"column":1}}},"3":{"name":"(anonymous_4)","decl":{"start":{"line":53,"column":23},"end":{"line":53,"column":28}},"loc":{"start":{"line":53,"column":61},"end":{"line":64,"column":1}}},"4":{"name":"(anonymous_5)","decl":{"start":{"line":66,"column":26},"end":{"line":66,"column":31}},"loc":{"start":{"line":66,"column":64},"end":{"line":75,"column":1}}}},"branchMap":{},"s":{"0":1,"1":1,"2":1,"3":1,"4":1,"5":1,"6":1,"7":1,"8":1,"9":1,"10":1,"11":0,"12":0,"13":1,"14":0,"15":0,"16":0,"17":0,"18":0,"19":0,"20":1,"21":0,"22":0,"23":0,"24":0,"25":0,"26":0,"27":0,"28":1,"29":0,"30":0,"31":0,"32":0,"33":0,"34":0,"35":0,"36":0,"37":1,"38":0,"39":0,"40":0,"41":0,"42":0,"43":0,"44":1},"f":{"0":1,"1":0,"2":0,"3":0,"4":0},"b":{}}
,"/home/sidiah/epitech/T-DEV-700/API/src/services/AuthService.ts": {"path":"/home/sidiah/epitech/T-DEV-700/API/src/services/AuthService.ts","statementMap":{"0":{"start":{"line":1,"column":0},"end":{"line":1,"column":28}},"1":{"start":{"line":2,"column":0},"end":{"line":2,"column":31}},"2":{"start":{"line":3,"column":0},"end":{"line":3,"column":62}},"3":{"start":{"line":5,"column":0},"end":{"line":5,"column":28}},"4":{"start":{"line":7,"column":0},"end":{"line":7,"column":16}},"5":{"start":{"line":18,"column":4},"end":{"line":34,"column":5}},"6":{"start":{"line":19,"column":27},"end":{"line":19,"column":76}},"7":{"start":{"line":20,"column":6},"end":{"line":22,"column":7}},"8":{"start":{"line":21,"column":8},"end":{"line":21,"column":70}},"9":{"start":{"line":25,"column":29},"end":{"line":25,"column":65}},"10":{"start":{"line":26,"column":6},"end":{"line":26,"column":37}},"11":{"start":{"line":29,"column":6},"end":{"line":29,"column":49}},"12":{"start":{"line":30,"column":6},"end":{"line":30,"column":57}},"13":{"start":{"line":32,"column":6},"end":{"line":32,"column":60}},"14":{"start":{"line":33,"column":6},"end":{"line":33,"column":71}},"15":{"start":{"line":47,"column":4},"end":{"line":69,"column":5}},"16":{"start":{"line":48,"column":19},"end":{"line":48,"column":63}},"17":{"start":{"line":49,"column":6},"end":{"line":49,"column":68}},"18":{"start":{"line":49,"column":17},"end":{"line":49,"column":68}},"19":{"start":{"line":51,"column":28},"end":{"line":51,"column":73}},"20":{"start":{"line":52,"column":6},"end":{"line":52,"column":77}},"21":{"start":{"line":52,"column":26},"end":{"line":52,"column":77}},"22":{"start":{"line":55,"column":20},"end":{"line":62,"column":null}},"23":{"start":{"line":65,"column":6},"end":{"line":65,"column":29}},"24":{"start":{"line":67,"column":6},"end":{"line":67,"column":57}},"25":{"start":{"line":68,"column":6},"end":{"line":68,"column":70}},"26":{"start":{"line":9,"column":0},"end":{"line":9,"column":13}},"27":{"start":{"line":10,"column":17},"end":{"line":10,"column":55}}},"fnMap":{"0":{"name":"(anonymous_1)","decl":{"start":{"line":17,"column":2},"end":{"line":17,"column":8}},"loc":{"start":{"line":17,"column":39},"end":{"line":35,"column":3}}},"1":{"name":"(anonymous_2)","decl":{"start":{"line":43,"column":2},"end":{"line":43,"column":8}},"loc":{"start":{"line":45,"column":20},"end":{"line":70,"column":3}}}},"branchMap":{"0":{"loc":{"start":{"line":20,"column":6},"end":{"line":22,"column":7}},"type":"if","locations":[{"start":{"line":20,"column":6},"end":{"line":22,"column":7}},{"start":{},"end":{}}]},"1":{"loc":{"start":{"line":33,"column":22},"end":{"line":33,"column":69}},"type":"binary-expr","locations":[{"start":{"line":33,"column":22},"end":{"line":33,"column":35}},{"start":{"line":33,"column":39},"end":{"line":33,"column":69}}]},"2":{"loc":{"start":{"line":49,"column":6},"end":{"line":49,"column":68}},"type":"if","locations":[{"start":{"line":49,"column":6},"end":{"line":49,"column":68}},{"start":{},"end":{}}]},"3":{"loc":{"start":{"line":52,"column":6},"end":{"line":52,"column":77}},"type":"if","locations":[{"start":{"line":52,"column":6},"end":{"line":52,"column":77}},{"start":{},"end":{}}]},"4":{"loc":{"start":{"line":61,"column":8},"end":{"line":61,"column":50}},"type":"binary-expr","locations":[{"start":{"line":61,"column":8},"end":{"line":61,"column":30}},{"start":{"line":61,"column":34},"end":{"line":61,"column":50}}]},"5":{"loc":{"start":{"line":68,"column":22},"end":{"line":68,"column":68}},"type":"binary-expr","locations":[{"start":{"line":68,"column":22},"end":{"line":68,"column":35}},{"start":{"line":68,"column":39},"end":{"line":68,"column":68}}]}},"s":{"0":1,"1":1,"2":1,"3":1,"4":1,"5":0,"6":0,"7":0,"8":0,"9":0,"10":0,"11":0,"12":0,"13":0,"14":0,"15":0,"16":0,"17":0,"18":0,"19":0,"20":0,"21":0,"22":0,"23":0,"24":0,"25":0,"26":1,"27":1},"f":{"0":0,"1":0},"b":{"0":[0,0],"1":[0,0],"2":[0,0],"3":[0,0],"4":[0,0],"5":[0,0]}}
,"/home/sidiah/epitech/T-DEV-700/API/src/services/UserService.ts": {"path":"/home/sidiah/epitech/T-DEV-700/API/src/services/UserService.ts","statementMap":{"0":{"start":{"line":3,"column":0},"end":{"line":3,"column":51}},"1":{"start":{"line":8,"column":24},"end":{"line":8,"column":54}},"2":{"start":{"line":6,"column":4},"end":{"line":6,"column":46}},"3":{"start":{"line":14,"column":8},"end":{"line":14,"column":55}},"4":{"start":{"line":18,"column":8},"end":{"line":18,"column":61}},"5":{"start":{"line":29,"column":8},"end":{"line":29,"column":109}},"6":{"start":{"line":40,"column":8},"end":{"line":40,"column":117}},"7":{"start":{"line":44,"column":8},"end":{"line":44,"column":60}},"8":{"start":{"line":5,"column":0},"end":{"line":5,"column":13}}},"fnMap":{"0":{"name":"(anonymous_0)","decl":{"start":{"line":8,"column":4},"end":{"line":8,"column":24}},"loc":{"start":{"line":8,"column":54},"end":{"line":8,"column":59}}},"1":{"name":"(anonymous_1)","decl":{"start":{"line":13,"column":4},"end":{"line":13,"column":9}},"loc":{"start":{"line":13,"column":21},"end":{"line":15,"column":5}}},"2":{"name":"(anonymous_2)","decl":{"start":{"line":17,"column":4},"end":{"line":17,"column":9}},"loc":{"start":{"line":17,"column":36},"end":{"line":19,"column":5}}},"3":{"name":"(anonymous_3)","decl":{"start":{"line":28,"column":4},"end":{"line":28,"column":9}},"loc":{"start":{"line":28,"column":53},"end":{"line":30,"column":5}}},"4":{"name":"(anonymous_4)","decl":{"start":{"line":39,"column":4},"end":{"line":39,"column":9}},"loc":{"start":{"line":39,"column":69},"end":{"line":41,"column":5}}},"5":{"name":"(anonymous_5)","decl":{"start":{"line":43,"column":4},"end":{"line":43,"column":9}},"loc":{"start":{"line":43,"column":35},"end":{"line":45,"column":5}}}},"branchMap":{},"s":{"0":1,"1":1,"2":1,"3":1,"4":0,"5":0,"6":0,"7":0,"8":1},"f":{"0":1,"1":1,"2":0,"3":0,"4":0,"5":0},"b":{}}
,"/home/sidiah/epitech/T-DEV-700/API/src/utils/UserMiddleware.ts": {"path":"/home/sidiah/epitech/T-DEV-700/API/src/utils/UserMiddleware.ts","statementMap":{"0":{"start":{"line":2,"column":0},"end":{"line":2,"column":31}},"1":{"start":{"line":3,"column":0},"end":{"line":3,"column":28}},"2":{"start":{"line":5,"column":0},"end":{"line":5,"column":16}},"3":{"start":{"line":7,"column":27},"end":{"line":18,"column":1}},"4":{"start":{"line":8,"column":17},"end":{"line":8,"column":45}},"5":{"start":{"line":9,"column":16},"end":{"line":9,"column":46}},"6":{"start":{"line":11,"column":2},"end":{"line":11,"column":73}},"7":{"start":{"line":11,"column":14},"end":{"line":11,"column":73}},"8":{"start":{"line":13,"column":2},"end":{"line":17,"column":5}},"9":{"start":{"line":14,"column":4},"end":{"line":14,"column":72}},"10":{"start":{"line":14,"column":13},"end":{"line":14,"column":72}},"11":{"start":{"line":15,"column":5},"end":{"line":15,"column":29}},"12":{"start":{"line":16,"column":4},"end":{"line":16,"column":11}},"13":{"start":{"line":7,"column":13},"end":{"line":7,"column":27}}},"fnMap":{"0":{"name":"(anonymous_1)","decl":{"start":{"line":7,"column":27},"end":{"line":7,"column":28}},"loc":{"start":{"line":7,"column":79},"end":{"line":18,"column":1}}},"1":{"name":"(anonymous_2)","decl":{"start":{"line":13,"column":56},"end":{"line":13,"column":57}},"loc":{"start":{"line":13,"column":70},"end":{"line":17,"column":3}}}},"branchMap":{"0":{"loc":{"start":{"line":9,"column":16},"end":{"line":9,"column":46}},"type":"binary-expr","locations":[{"start":{"line":9,"column":16},"end":{"line":9,"column":22}},{"start":{"line":9,"column":26},"end":{"line":9,"column":46}}]},"1":{"loc":{"start":{"line":11,"column":2},"end":{"line":11,"column":73}},"type":"if","locations":[{"start":{"line":11,"column":2},"end":{"line":11,"column":73}},{"start":{},"end":{}}]},"2":{"loc":{"start":{"line":13,"column":20},"end":{"line":13,"column":54}},"type":"binary-expr","locations":[{"start":{"line":13,"column":20},"end":{"line":13,"column":42}},{"start":{"line":13,"column":46},"end":{"line":13,"column":54}}]},"3":{"loc":{"start":{"line":14,"column":4},"end":{"line":14,"column":72}},"type":"if","locations":[{"start":{"line":14,"column":4},"end":{"line":14,"column":72}},{"start":{},"end":{}}]}},"s":{"0":0,"1":0,"2":0,"3":0,"4":0,"5":0,"6":0,"7":0,"8":0,"9":0,"10":0,"11":0,"12":0,"13":0},"f":{"0":0,"1":0},"b":{"0":[0,0],"1":[0,0],"2":[0,0],"3":[0,0]}}
}
